<?xml version="1.0" encoding="UTF-8"?>
<!-- Generated by org.testng.reporters.JUnitReportReporter -->
<testsuite hostname="winnie-PC" name="com.winnie.cbx.page.DependMethodTest" tests="2" failures="0" timestamp="21 Apr 2019 07:14:01 GMT" time="0.040" errors="0">
  <testcase name="itemCreateDoc" time="0.035" classname="com.winnie.cbx.page.DependMethodTest"/>
  <testcase name="itemSaveDoc" time="0.005" classname="com.winnie.cbx.page.DependMethodTest"/>
</testsuite> <!-- com.winnie.cbx.page.DependMethodTest -->
