<?xml version="1.0" encoding="UTF-8"?>
<!-- Generated by org.testng.reporters.JUnitReportReporter -->
<testsuite hostname="winnie-PC" name="com.winnie.cbx.page.DependedGroupsTest2" tests="1" failures="0" timestamp="21 Apr 2019 07:35:56 GMT" time="0.003" errors="0">
  <testcase name="test4" time="0.003" classname="com.winnie.cbx.page.DependedGroupsTest2"/>
</testsuite> <!-- com.winnie.cbx.page.DependedGroupsTest2 -->
