<?xml version="1.0" encoding="UTF-8"?>
<!-- Generated by org.testng.reporters.JUnitReportReporter -->
<testsuite hostname="CORE-PC073" name="com.winnie.driver.DBTest" tests="1" failures="0" timestamp="24 Apr 2019 08:20:25 GMT" time="1.993" errors="0">
  <testcase name="getListUI" time="1.993" classname="com.winnie.driver.DBTest"/>
</testsuite> <!-- com.winnie.driver.DBTest -->
