<?xml version="1.0" encoding="UTF-8"?>
<!-- Generated by org.testng.reporters.JUnitReportReporter -->
<testsuite hostname="winnie-PC" name="com.winnie.cbx.page.DependedGroupsTest" tests="2" failures="0" timestamp="21 Apr 2019 07:35:56 GMT" time="0.019" errors="0">
  <testcase name="test2" time="0.006" classname="com.winnie.cbx.page.DependedGroupsTest"/>
  <testcase name="test1" time="0.013" classname="com.winnie.cbx.page.DependedGroupsTest"/>
</testsuite> <!-- com.winnie.cbx.page.DependedGroupsTest -->
